This is pdfTeX, Version 3.141592653-2.6-1.40.22 (TeX Live 2021) (preloaded format=pdflatex 2021.5.19)  19 MAY 2021 22:19
entering extended mode
 restricted \write18 enabled.
 file:line:error style messages enabled.
 %&-line parsing enabled.
**csbachelor.cls
(./csbachelor.cls
LaTeX2e <2020-10-01> patch level 4
L3 programming layer <2021-05-11>

LaTeX Warning: You have requested package `',
               but the package provides `csbachelor'.

Package: csbachelor 2021/05/07 v1.0 SDUT Thesis Proposal Class

./csbachelor.cls:18: LaTeX Error: Missing \begin{document}.

See the LaTeX manual or LaTeX Companion for explanation.
Type  H <return>  for immediate help.
 ...                                              
                                                  
l.18 \newif\ifsdut@
                   side\sdut@sidetrue
? 
./csbachelor.cls:18: Emergency stop.
 ...                                              
                                                  
l.18 \newif\ifsdut@
                   side\sdut@sidetrue
You're in trouble here.  Try typing  <return>  to proceed.
If that doesn't work, type  X <return>  to quit.

 
Here is how much of TeX's memory you used:
 26 strings out of 478836
 603 string characters out of 5855599
 286762 words of memory out of 5000000
 17768 multiletter control sequences out of 15000+600000
 403430 words of font info for 27 fonts, out of 8000000 for 9000
 1141 hyphenation exceptions out of 8191
 12i,0n,13p,117b,14s stack positions out of 5000i,500n,10000p,200000b,80000s
./csbachelor.cls:18:  ==> Fatal error occurred, no output PDF file produced!
